C:\Program Files\Microsoft Visual Studio\2022\Community\MSBuild\Microsoft\VC\v160\Microsoft.CppBuild.targets(499,5): warning MSB8004: Output 디렉터리가 슬래시로 끝나지 않습니다. Output 디렉터리의 적절한 평가를 허용하는 데 필요하므로 이 빌드 인스턴스에서 슬래시를 추가합니다.
  Animation.cpp
E:\GItHub\PortFolio\C++\WinAPIFrameWork\WinAPIFrameWork\Include\Types.h(48,9): warning C4244: '=': 'const LONG'에서 'float'(으)로 변환하면서 데이터가 손실될 수 있습니다.
E:\GItHub\PortFolio\C++\WinAPIFrameWork\WinAPIFrameWork\Include\Types.h(49,9): warning C4244: '=': 'const LONG'에서 'float'(으)로 변환하면서 데이터가 손실될 수 있습니다.
E:\GItHub\PortFolio\C++\WinAPIFrameWork\WinAPIFrameWork\Include\Types.h(60,9): warning C4244: '=': 'const LONG'에서 'float'(으)로 변환하면서 데이터가 손실될 수 있습니다.
E:\GItHub\PortFolio\C++\WinAPIFrameWork\WinAPIFrameWork\Include\Types.h(61,9): warning C4244: '=': 'const LONG'에서 'float'(으)로 변환하면서 데이터가 손실될 수 있습니다.
E:\GItHub\PortFolio\C++\WinAPIFrameWork\WinAPIFrameWork\Include\Scene\Layer.h(79,1): error C2027: 정의되지 않은 형식 'CObj'을(를) 사용했습니다.
E:\GItHub\PortFolio\C++\WinAPIFrameWork\WinAPIFrameWork\Include\Animation\Animation.h(8): message : 'CObj' 선언을 참조하십시오.
E:\GItHub\PortFolio\C++\WinAPIFrameWork\WinAPIFrameWork\Include\Scene\Layer.h(80,1): error C2027: 정의되지 않은 형식 'CObj'을(를) 사용했습니다.
E:\GItHub\PortFolio\C++\WinAPIFrameWork\WinAPIFrameWork\Include\Animation\Animation.h(8): message : 'CObj' 선언을 참조하십시오.
E:\GItHub\PortFolio\C++\WinAPIFrameWork\WinAPIFrameWork\Include\Scene\Layer.h(81,1): error C2027: 정의되지 않은 형식 'CObj'을(를) 사용했습니다.
E:\GItHub\PortFolio\C++\WinAPIFrameWork\WinAPIFrameWork\Include\Animation\Animation.h(8): message : 'CObj' 선언을 참조하십시오.
  Collider.cpp
E:\GItHub\PortFolio\C++\WinAPIFrameWork\WinAPIFrameWork\Include\Types.h(48,9): warning C4244: '=': 'const LONG'에서 'float'(으)로 변환하면서 데이터가 손실될 수 있습니다.
E:\GItHub\PortFolio\C++\WinAPIFrameWork\WinAPIFrameWork\Include\Types.h(49,9): warning C4244: '=': 'const LONG'에서 'float'(으)로 변환하면서 데이터가 손실될 수 있습니다.
E:\GItHub\PortFolio\C++\WinAPIFrameWork\WinAPIFrameWork\Include\Types.h(60,9): warning C4244: '=': 'const LONG'에서 'float'(으)로 변환하면서 데이터가 손실될 수 있습니다.
E:\GItHub\PortFolio\C++\WinAPIFrameWork\WinAPIFrameWork\Include\Types.h(61,9): warning C4244: '=': 'const LONG'에서 'float'(으)로 변환하면서 데이터가 손실될 수 있습니다.
E:\GItHub\PortFolio\C++\WinAPIFrameWork\WinAPIFrameWork\Include\Scene\Layer.h(79,1): error C2027: 정의되지 않은 형식 'CObj'을(를) 사용했습니다.
E:\GItHub\PortFolio\C++\WinAPIFrameWork\WinAPIFrameWork\Include\Scene\Layer.h(18): message : 'CObj' 선언을 참조하십시오.
E:\GItHub\PortFolio\C++\WinAPIFrameWork\WinAPIFrameWork\Include\Scene\Layer.h(80,1): error C2027: 정의되지 않은 형식 'CObj'을(를) 사용했습니다.
E:\GItHub\PortFolio\C++\WinAPIFrameWork\WinAPIFrameWork\Include\Scene\Layer.h(18): message : 'CObj' 선언을 참조하십시오.
E:\GItHub\PortFolio\C++\WinAPIFrameWork\WinAPIFrameWork\Include\Scene\Layer.h(81,1): error C2027: 정의되지 않은 형식 'CObj'을(를) 사용했습니다.
E:\GItHub\PortFolio\C++\WinAPIFrameWork\WinAPIFrameWork\Include\Scene\Layer.h(18): message : 'CObj' 선언을 참조하십시오.
E:\GItHub\PortFolio\C++\WinAPIFrameWork\WinAPIFrameWork\Include\Object\Obj.h(272,1): error C2027: 정의되지 않은 형식 'CCollider'을(를) 사용했습니다.
E:\GItHub\PortFolio\C++\WinAPIFrameWork\WinAPIFrameWork\Include\Object\Obj.h(91): message : 'CCollider' 선언을 참조하십시오.
E:\GItHub\PortFolio\C++\WinAPIFrameWork\WinAPIFrameWork\Include\Object\Obj.h(115,7): message : 이 진단은 컴파일러 생성 함수 'void CObj::AddCollisionFunction(const std::string &,COLLISION_STATE,T *,void (__thiscall T::* )(CCollider *,CCollider *,float))'에서 수행되었습니다.
E:\GItHub\PortFolio\C++\WinAPIFrameWork\WinAPIFrameWork\Include\Object\Obj.h(124,17): error C2027: 정의되지 않은 형식 'CCollider'을(를) 사용했습니다.
E:\GItHub\PortFolio\C++\WinAPIFrameWork\WinAPIFrameWork\Include\Object\Obj.h(91): message : 'CCollider' 선언을 참조하십시오.
E:\GItHub\PortFolio\C++\WinAPIFrameWork\WinAPIFrameWork\Include\Object\Obj.h(115,7): message : 이 진단은 컴파일러 생성 함수 'void CObj::AddCollisionFunction(const std::string &,COLLISION_STATE,T *,void (__thiscall T::* )(CCollider *,CCollider *,float))'에서 수행되었습니다.
E:\GItHub\PortFolio\C++\WinAPIFrameWork\WinAPIFrameWork\Include\Object\Obj.h(126,14): error C2027: 정의되지 않은 형식 'CCollider'을(를) 사용했습니다.
E:\GItHub\PortFolio\C++\WinAPIFrameWork\WinAPIFrameWork\Include\Object\Obj.h(91): message : 'CCollider' 선언을 참조하십시오.
E:\GItHub\PortFolio\C++\WinAPIFrameWork\WinAPIFrameWork\Include\Object\Obj.h(115,7): message : 이 진단은 컴파일러 생성 함수 'void CObj::AddCollisionFunction(const std::string &,COLLISION_STATE,T *,void (__thiscall T::* )(CCollider *,CCollider *,float))'에서 수행되었습니다.
  ColliderManager.cpp
E:\GItHub\PortFolio\C++\WinAPIFrameWork\WinAPIFrameWork\Include\Types.h(48,9): warning C4244: '=': 'const LONG'에서 'float'(으)로 변환하면서 데이터가 손실될 수 있습니다.
E:\GItHub\PortFolio\C++\WinAPIFrameWork\WinAPIFrameWork\Include\Types.h(49,9): warning C4244: '=': 'const LONG'에서 'float'(으)로 변환하면서 데이터가 손실될 수 있습니다.
E:\GItHub\PortFolio\C++\WinAPIFrameWork\WinAPIFrameWork\Include\Types.h(60,9): warning C4244: '=': 'const LONG'에서 'float'(으)로 변환하면서 데이터가 손실될 수 있습니다.
E:\GItHub\PortFolio\C++\WinAPIFrameWork\WinAPIFrameWork\Include\Types.h(61,9): warning C4244: '=': 'const LONG'에서 'float'(으)로 변환하면서 데이터가 손실될 수 있습니다.
E:\GItHub\PortFolio\C++\WinAPIFrameWork\WinAPIFrameWork\Include\Scene\Layer.h(79,1): error C2027: 정의되지 않은 형식 'CObj'을(를) 사용했습니다.
E:\GItHub\PortFolio\C++\WinAPIFrameWork\WinAPIFrameWork\Include\Collider\ColliderManager.h(8): message : 'CObj' 선언을 참조하십시오.
E:\GItHub\PortFolio\C++\WinAPIFrameWork\WinAPIFrameWork\Include\Scene\Layer.h(80,1): error C2027: 정의되지 않은 형식 'CObj'을(를) 사용했습니다.
E:\GItHub\PortFolio\C++\WinAPIFrameWork\WinAPIFrameWork\Include\Collider\ColliderManager.h(8): message : 'CObj' 선언을 참조하십시오.
E:\GItHub\PortFolio\C++\WinAPIFrameWork\WinAPIFrameWork\Include\Scene\Layer.h(81,1): error C2027: 정의되지 않은 형식 'CObj'을(를) 사용했습니다.
E:\GItHub\PortFolio\C++\WinAPIFrameWork\WinAPIFrameWork\Include\Collider\ColliderManager.h(8): message : 'CObj' 선언을 참조하십시오.
  ColliderRect.cpp
E:\GItHub\PortFolio\C++\WinAPIFrameWork\WinAPIFrameWork\Include\Types.h(48,9): warning C4244: '=': 'const LONG'에서 'float'(으)로 변환하면서 데이터가 손실될 수 있습니다.
E:\GItHub\PortFolio\C++\WinAPIFrameWork\WinAPIFrameWork\Include\Types.h(49,9): warning C4244: '=': 'const LONG'에서 'float'(으)로 변환하면서 데이터가 손실될 수 있습니다.
E:\GItHub\PortFolio\C++\WinAPIFrameWork\WinAPIFrameWork\Include\Types.h(60,9): warning C4244: '=': 'const LONG'에서 'float'(으)로 변환하면서 데이터가 손실될 수 있습니다.
E:\GItHub\PortFolio\C++\WinAPIFrameWork\WinAPIFrameWork\Include\Types.h(61,9): warning C4244: '=': 'const LONG'에서 'float'(으)로 변환하면서 데이터가 손실될 수 있습니다.
E:\GItHub\PortFolio\C++\WinAPIFrameWork\WinAPIFrameWork\Include\Scene\Layer.h(79,1): error C2027: 정의되지 않은 형식 'CObj'을(를) 사용했습니다.
E:\GItHub\PortFolio\C++\WinAPIFrameWork\WinAPIFrameWork\Include\Scene\Layer.h(18): message : 'CObj' 선언을 참조하십시오.
E:\GItHub\PortFolio\C++\WinAPIFrameWork\WinAPIFrameWork\Include\Scene\Layer.h(80,1): error C2027: 정의되지 않은 형식 'CObj'을(를) 사용했습니다.
E:\GItHub\PortFolio\C++\WinAPIFrameWork\WinAPIFrameWork\Include\Scene\Layer.h(18): message : 'CObj' 선언을 참조하십시오.
E:\GItHub\PortFolio\C++\WinAPIFrameWork\WinAPIFrameWork\Include\Scene\Layer.h(81,1): error C2027: 정의되지 않은 형식 'CObj'을(를) 사용했습니다.
E:\GItHub\PortFolio\C++\WinAPIFrameWork\WinAPIFrameWork\Include\Scene\Layer.h(18): message : 'CObj' 선언을 참조하십시오.
E:\GItHub\PortFolio\C++\WinAPIFrameWork\WinAPIFrameWork\Include\Object\Obj.h(272,1): error C2027: 정의되지 않은 형식 'CCollider'을(를) 사용했습니다.
E:\GItHub\PortFolio\C++\WinAPIFrameWork\WinAPIFrameWork\Include\Object\Obj.h(91): message : 'CCollider' 선언을 참조하십시오.
E:\GItHub\PortFolio\C++\WinAPIFrameWork\WinAPIFrameWork\Include\Object\Obj.h(115,7): message : 이 진단은 컴파일러 생성 함수 'void CObj::AddCollisionFunction(const std::string &,COLLISION_STATE,T *,void (__thiscall T::* )(CCollider *,CCollider *,float))'에서 수행되었습니다.
E:\GItHub\PortFolio\C++\WinAPIFrameWork\WinAPIFrameWork\Include\Object\Obj.h(124,17): error C2027: 정의되지 않은 형식 'CCollider'을(를) 사용했습니다.
E:\GItHub\PortFolio\C++\WinAPIFrameWork\WinAPIFrameWork\Include\Object\Obj.h(91): message : 'CCollider' 선언을 참조하십시오.
E:\GItHub\PortFolio\C++\WinAPIFrameWork\WinAPIFrameWork\Include\Object\Obj.h(115,7): message : 이 진단은 컴파일러 생성 함수 'void CObj::AddCollisionFunction(const std::string &,COLLISION_STATE,T *,void (__thiscall T::* )(CCollider *,CCollider *,float))'에서 수행되었습니다.
E:\GItHub\PortFolio\C++\WinAPIFrameWork\WinAPIFrameWork\Include\Object\Obj.h(126,14): error C2027: 정의되지 않은 형식 'CCollider'을(를) 사용했습니다.
E:\GItHub\PortFolio\C++\WinAPIFrameWork\WinAPIFrameWork\Include\Object\Obj.h(91): message : 'CCollider' 선언을 참조하십시오.
E:\GItHub\PortFolio\C++\WinAPIFrameWork\WinAPIFrameWork\Include\Object\Obj.h(115,7): message : 이 진단은 컴파일러 생성 함수 'void CObj::AddCollisionFunction(const std::string &,COLLISION_STATE,T *,void (__thiscall T::* )(CCollider *,CCollider *,float))'에서 수행되었습니다.
  Core.cpp
E:\GItHub\PortFolio\C++\WinAPIFrameWork\WinAPIFrameWork\Include\Types.h(48,9): warning C4244: '=': 'const LONG'에서 'float'(으)로 변환하면서 데이터가 손실될 수 있습니다.
E:\GItHub\PortFolio\C++\WinAPIFrameWork\WinAPIFrameWork\Include\Types.h(49,9): warning C4244: '=': 'const LONG'에서 'float'(으)로 변환하면서 데이터가 손실될 수 있습니다.
E:\GItHub\PortFolio\C++\WinAPIFrameWork\WinAPIFrameWork\Include\Types.h(60,9): warning C4244: '=': 'const LONG'에서 'float'(으)로 변환하면서 데이터가 손실될 수 있습니다.
E:\GItHub\PortFolio\C++\WinAPIFrameWork\WinAPIFrameWork\Include\Types.h(61,9): warning C4244: '=': 'const LONG'에서 'float'(으)로 변환하면서 데이터가 손실될 수 있습니다.
E:\GItHub\PortFolio\C++\WinAPIFrameWork\WinAPIFrameWork\Include\Core.cpp(217,26): warning C4838: 'unsigned int'에서 'LONG'(으)로의 변환에는 축소 변환이 필요합니다.
E:\GItHub\PortFolio\C++\WinAPIFrameWork\WinAPIFrameWork\Include\Core.cpp(217,35): warning C4838: 'unsigned int'에서 'LONG'(으)로의 변환에는 축소 변환이 필요합니다.
  Camera.cpp
E:\GItHub\PortFolio\C++\WinAPIFrameWork\WinAPIFrameWork\Include\Types.h(48,9): warning C4244: '=': 'const LONG'에서 'float'(으)로 변환하면서 데이터가 손실될 수 있습니다.
E:\GItHub\PortFolio\C++\WinAPIFrameWork\WinAPIFrameWork\Include\Types.h(49,9): warning C4244: '=': 'const LONG'에서 'float'(으)로 변환하면서 데이터가 손실될 수 있습니다.
E:\GItHub\PortFolio\C++\WinAPIFrameWork\WinAPIFrameWork\Include\Types.h(60,9): warning C4244: '=': 'const LONG'에서 'float'(으)로 변환하면서 데이터가 손실될 수 있습니다.
E:\GItHub\PortFolio\C++\WinAPIFrameWork\WinAPIFrameWork\Include\Types.h(61,9): warning C4244: '=': 'const LONG'에서 'float'(으)로 변환하면서 데이터가 손실될 수 있습니다.
E:\GItHub\PortFolio\C++\WinAPIFrameWork\WinAPIFrameWork\Include\Scene\Layer.h(79,1): error C2027: 정의되지 않은 형식 'CObj'을(를) 사용했습니다.
E:\GItHub\PortFolio\C++\WinAPIFrameWork\WinAPIFrameWork\Include\Core\Camera.h(11): message : 'CObj' 선언을 참조하십시오.
E:\GItHub\PortFolio\C++\WinAPIFrameWork\WinAPIFrameWork\Include\Scene\Layer.h(80,1): error C2027: 정의되지 않은 형식 'CObj'을(를) 사용했습니다.
E:\GItHub\PortFolio\C++\WinAPIFrameWork\WinAPIFrameWork\Include\Core\Camera.h(11): message : 'CObj' 선언을 참조하십시오.
E:\GItHub\PortFolio\C++\WinAPIFrameWork\WinAPIFrameWork\Include\Scene\Layer.h(81,1): error C2027: 정의되지 않은 형식 'CObj'을(를) 사용했습니다.
E:\GItHub\PortFolio\C++\WinAPIFrameWork\WinAPIFrameWork\Include\Core\Camera.h(11): message : 'CObj' 선언을 참조하십시오.
E:\GItHub\PortFolio\C++\WinAPIFrameWork\WinAPIFrameWork\Include\Core\Camera.cpp(75,29): warning C4244: '=': 'unsigned int'에서 'float'(으)로 변환하면서 데이터가 손실될 수 있습니다.
E:\GItHub\PortFolio\C++\WinAPIFrameWork\WinAPIFrameWork\Include\Core\Camera.cpp(92,29): warning C4244: '=': 'unsigned int'에서 'float'(으)로 변환하면서 데이터가 손실될 수 있습니다.
  Input.cpp
E:\GItHub\PortFolio\C++\WinAPIFrameWork\WinAPIFrameWork\Include\Types.h(48,9): warning C4244: '=': 'const LONG'에서 'float'(으)로 변환하면서 데이터가 손실될 수 있습니다.
E:\GItHub\PortFolio\C++\WinAPIFrameWork\WinAPIFrameWork\Include\Types.h(49,9): warning C4244: '=': 'const LONG'에서 'float'(으)로 변환하면서 데이터가 손실될 수 있습니다.
E:\GItHub\PortFolio\C++\WinAPIFrameWork\WinAPIFrameWork\Include\Types.h(60,9): warning C4244: '=': 'const LONG'에서 'float'(으)로 변환하면서 데이터가 손실될 수 있습니다.
E:\GItHub\PortFolio\C++\WinAPIFrameWork\WinAPIFrameWork\Include\Types.h(61,9): warning C4244: '=': 'const LONG'에서 'float'(으)로 변환하면서 데이터가 손실될 수 있습니다.
  PathManager.cpp
E:\GItHub\PortFolio\C++\WinAPIFrameWork\WinAPIFrameWork\Include\Types.h(48,9): warning C4244: '=': 'const LONG'에서 'float'(으)로 변환하면서 데이터가 손실될 수 있습니다.
E:\GItHub\PortFolio\C++\WinAPIFrameWork\WinAPIFrameWork\Include\Types.h(49,9): warning C4244: '=': 'const LONG'에서 'float'(으)로 변환하면서 데이터가 손실될 수 있습니다.
E:\GItHub\PortFolio\C++\WinAPIFrameWork\WinAPIFrameWork\Include\Types.h(60,9): warning C4244: '=': 'const LONG'에서 'float'(으)로 변환하면서 데이터가 손실될 수 있습니다.
E:\GItHub\PortFolio\C++\WinAPIFrameWork\WinAPIFrameWork\Include\Types.h(61,9): warning C4244: '=': 'const LONG'에서 'float'(으)로 변환하면서 데이터가 손실될 수 있습니다.
  Timer.cpp
E:\GItHub\PortFolio\C++\WinAPIFrameWork\WinAPIFrameWork\Include\Types.h(48,9): warning C4244: '=': 'const LONG'에서 'float'(으)로 변환하면서 데이터가 손실될 수 있습니다.
E:\GItHub\PortFolio\C++\WinAPIFrameWork\WinAPIFrameWork\Include\Types.h(49,9): warning C4244: '=': 'const LONG'에서 'float'(으)로 변환하면서 데이터가 손실될 수 있습니다.
E:\GItHub\PortFolio\C++\WinAPIFrameWork\WinAPIFrameWork\Include\Types.h(60,9): warning C4244: '=': 'const LONG'에서 'float'(으)로 변환하면서 데이터가 손실될 수 있습니다.
E:\GItHub\PortFolio\C++\WinAPIFrameWork\WinAPIFrameWork\Include\Types.h(61,9): warning C4244: '=': 'const LONG'에서 'float'(으)로 변환하면서 데이터가 손실될 수 있습니다.
  Ref.cpp
E:\GItHub\PortFolio\C++\WinAPIFrameWork\WinAPIFrameWork\Include\Types.h(48,9): warning C4244: '=': 'const LONG'에서 'float'(으)로 변환하면서 데이터가 손실될 수 있습니다.
E:\GItHub\PortFolio\C++\WinAPIFrameWork\WinAPIFrameWork\Include\Types.h(49,9): warning C4244: '=': 'const LONG'에서 'float'(으)로 변환하면서 데이터가 손실될 수 있습니다.
E:\GItHub\PortFolio\C++\WinAPIFrameWork\WinAPIFrameWork\Include\Types.h(60,9): warning C4244: '=': 'const LONG'에서 'float'(으)로 변환하면서 데이터가 손실될 수 있습니다.
E:\GItHub\PortFolio\C++\WinAPIFrameWork\WinAPIFrameWork\Include\Types.h(61,9): warning C4244: '=': 'const LONG'에서 'float'(으)로 변환하면서 데이터가 손실될 수 있습니다.
  main.cpp
E:\GItHub\PortFolio\C++\WinAPIFrameWork\WinAPIFrameWork\Include\Types.h(48,9): warning C4244: '=': 'const LONG'에서 'float'(으)로 변환하면서 데이터가 손실될 수 있습니다.
E:\GItHub\PortFolio\C++\WinAPIFrameWork\WinAPIFrameWork\Include\Types.h(49,9): warning C4244: '=': 'const LONG'에서 'float'(으)로 변환하면서 데이터가 손실될 수 있습니다.
E:\GItHub\PortFolio\C++\WinAPIFrameWork\WinAPIFrameWork\Include\Types.h(60,9): warning C4244: '=': 'const LONG'에서 'float'(으)로 변환하면서 데이터가 손실될 수 있습니다.
E:\GItHub\PortFolio\C++\WinAPIFrameWork\WinAPIFrameWork\Include\Types.h(61,9): warning C4244: '=': 'const LONG'에서 'float'(으)로 변환하면서 데이터가 손실될 수 있습니다.
  Bullet.cpp
E:\GItHub\PortFolio\C++\WinAPIFrameWork\WinAPIFrameWork\Include\Types.h(48,9): warning C4244: '=': 'const LONG'에서 'float'(으)로 변환하면서 데이터가 손실될 수 있습니다.
E:\GItHub\PortFolio\C++\WinAPIFrameWork\WinAPIFrameWork\Include\Types.h(49,9): warning C4244: '=': 'const LONG'에서 'float'(으)로 변환하면서 데이터가 손실될 수 있습니다.
E:\GItHub\PortFolio\C++\WinAPIFrameWork\WinAPIFrameWork\Include\Types.h(60,9): warning C4244: '=': 'const LONG'에서 'float'(으)로 변환하면서 데이터가 손실될 수 있습니다.
E:\GItHub\PortFolio\C++\WinAPIFrameWork\WinAPIFrameWork\Include\Types.h(61,9): warning C4244: '=': 'const LONG'에서 'float'(으)로 변환하면서 데이터가 손실될 수 있습니다.
E:\GItHub\PortFolio\C++\WinAPIFrameWork\WinAPIFrameWork\Include\Scene\Layer.h(79,1): error C2027: 정의되지 않은 형식 'CObj'을(를) 사용했습니다.
E:\GItHub\PortFolio\C++\WinAPIFrameWork\WinAPIFrameWork\Include\Scene\Layer.h(18): message : 'CObj' 선언을 참조하십시오.
E:\GItHub\PortFolio\C++\WinAPIFrameWork\WinAPIFrameWork\Include\Scene\Layer.h(80,1): error C2027: 정의되지 않은 형식 'CObj'을(를) 사용했습니다.
E:\GItHub\PortFolio\C++\WinAPIFrameWork\WinAPIFrameWork\Include\Scene\Layer.h(18): message : 'CObj' 선언을 참조하십시오.
E:\GItHub\PortFolio\C++\WinAPIFrameWork\WinAPIFrameWork\Include\Scene\Layer.h(81,1): error C2027: 정의되지 않은 형식 'CObj'을(를) 사용했습니다.
E:\GItHub\PortFolio\C++\WinAPIFrameWork\WinAPIFrameWork\Include\Scene\Layer.h(18): message : 'CObj' 선언을 참조하십시오.
  Goblin.cpp
E:\GItHub\PortFolio\C++\WinAPIFrameWork\WinAPIFrameWork\Include\Types.h(48,9): warning C4244: '=': 'const LONG'에서 'float'(으)로 변환하면서 데이터가 손실될 수 있습니다.
E:\GItHub\PortFolio\C++\WinAPIFrameWork\WinAPIFrameWork\Include\Types.h(49,9): warning C4244: '=': 'const LONG'에서 'float'(으)로 변환하면서 데이터가 손실될 수 있습니다.
E:\GItHub\PortFolio\C++\WinAPIFrameWork\WinAPIFrameWork\Include\Types.h(60,9): warning C4244: '=': 'const LONG'에서 'float'(으)로 변환하면서 데이터가 손실될 수 있습니다.
E:\GItHub\PortFolio\C++\WinAPIFrameWork\WinAPIFrameWork\Include\Types.h(61,9): warning C4244: '=': 'const LONG'에서 'float'(으)로 변환하면서 데이터가 손실될 수 있습니다.
E:\GItHub\PortFolio\C++\WinAPIFrameWork\WinAPIFrameWork\Include\Scene\Layer.h(79,1): error C2027: 정의되지 않은 형식 'CObj'을(를) 사용했습니다.
E:\GItHub\PortFolio\C++\WinAPIFrameWork\WinAPIFrameWork\Include\Scene\Layer.h(18): message : 'CObj' 선언을 참조하십시오.
E:\GItHub\PortFolio\C++\WinAPIFrameWork\WinAPIFrameWork\Include\Scene\Layer.h(80,1): error C2027: 정의되지 않은 형식 'CObj'을(를) 사용했습니다.
E:\GItHub\PortFolio\C++\WinAPIFrameWork\WinAPIFrameWork\Include\Scene\Layer.h(18): message : 'CObj' 선언을 참조하십시오.
E:\GItHub\PortFolio\C++\WinAPIFrameWork\WinAPIFrameWork\Include\Scene\Layer.h(81,1): error C2027: 정의되지 않은 형식 'CObj'을(를) 사용했습니다.
E:\GItHub\PortFolio\C++\WinAPIFrameWork\WinAPIFrameWork\Include\Scene\Layer.h(18): message : 'CObj' 선언을 참조하십시오.
  MoveObj.cpp
E:\GItHub\PortFolio\C++\WinAPIFrameWork\WinAPIFrameWork\Include\Types.h(48,9): warning C4244: '=': 'const LONG'에서 'float'(으)로 변환하면서 데이터가 손실될 수 있습니다.
E:\GItHub\PortFolio\C++\WinAPIFrameWork\WinAPIFrameWork\Include\Types.h(49,9): warning C4244: '=': 'const LONG'에서 'float'(으)로 변환하면서 데이터가 손실될 수 있습니다.
E:\GItHub\PortFolio\C++\WinAPIFrameWork\WinAPIFrameWork\Include\Types.h(60,9): warning C4244: '=': 'const LONG'에서 'float'(으)로 변환하면서 데이터가 손실될 수 있습니다.
E:\GItHub\PortFolio\C++\WinAPIFrameWork\WinAPIFrameWork\Include\Types.h(61,9): warning C4244: '=': 'const LONG'에서 'float'(으)로 변환하면서 데이터가 손실될 수 있습니다.
E:\GItHub\PortFolio\C++\WinAPIFrameWork\WinAPIFrameWork\Include\Scene\Layer.h(79,1): error C2027: 정의되지 않은 형식 'CObj'을(를) 사용했습니다.
E:\GItHub\PortFolio\C++\WinAPIFrameWork\WinAPIFrameWork\Include\Scene\Layer.h(18): message : 'CObj' 선언을 참조하십시오.
E:\GItHub\PortFolio\C++\WinAPIFrameWork\WinAPIFrameWork\Include\Scene\Layer.h(80,1): error C2027: 정의되지 않은 형식 'CObj'을(를) 사용했습니다.
E:\GItHub\PortFolio\C++\WinAPIFrameWork\WinAPIFrameWork\Include\Scene\Layer.h(18): message : 'CObj' 선언을 참조하십시오.
E:\GItHub\PortFolio\C++\WinAPIFrameWork\WinAPIFrameWork\Include\Scene\Layer.h(81,1): error C2027: 정의되지 않은 형식 'CObj'을(를) 사용했습니다.
E:\GItHub\PortFolio\C++\WinAPIFrameWork\WinAPIFrameWork\Include\Scene\Layer.h(18): message : 'CObj' 선언을 참조하십시오.
  Player.cpp
E:\GItHub\PortFolio\C++\WinAPIFrameWork\WinAPIFrameWork\Include\Types.h(48,9): warning C4244: '=': 'const LONG'에서 'float'(으)로 변환하면서 데이터가 손실될 수 있습니다.
E:\GItHub\PortFolio\C++\WinAPIFrameWork\WinAPIFrameWork\Include\Types.h(49,9): warning C4244: '=': 'const LONG'에서 'float'(으)로 변환하면서 데이터가 손실될 수 있습니다.
E:\GItHub\PortFolio\C++\WinAPIFrameWork\WinAPIFrameWork\Include\Types.h(60,9): warning C4244: '=': 'const LONG'에서 'float'(으)로 변환하면서 데이터가 손실될 수 있습니다.
E:\GItHub\PortFolio\C++\WinAPIFrameWork\WinAPIFrameWork\Include\Types.h(61,9): warning C4244: '=': 'const LONG'에서 'float'(으)로 변환하면서 데이터가 손실될 수 있습니다.
E:\GItHub\PortFolio\C++\WinAPIFrameWork\WinAPIFrameWork\Include\Scene\Layer.h(79,1): error C2027: 정의되지 않은 형식 'CObj'을(를) 사용했습니다.
E:\GItHub\PortFolio\C++\WinAPIFrameWork\WinAPIFrameWork\Include\Scene\Layer.h(18): message : 'CObj' 선언을 참조하십시오.
E:\GItHub\PortFolio\C++\WinAPIFrameWork\WinAPIFrameWork\Include\Scene\Layer.h(80,1): error C2027: 정의되지 않은 형식 'CObj'을(를) 사용했습니다.
E:\GItHub\PortFolio\C++\WinAPIFrameWork\WinAPIFrameWork\Include\Scene\Layer.h(18): message : 'CObj' 선언을 참조하십시오.
E:\GItHub\PortFolio\C++\WinAPIFrameWork\WinAPIFrameWork\Include\Scene\Layer.h(81,1): error C2027: 정의되지 않은 형식 'CObj'을(를) 사용했습니다.
E:\GItHub\PortFolio\C++\WinAPIFrameWork\WinAPIFrameWork\Include\Scene\Layer.h(18): message : 'CObj' 선언을 참조하십시오.
  Stage.cpp
E:\GItHub\PortFolio\C++\WinAPIFrameWork\WinAPIFrameWork\Include\Types.h(48,9): warning C4244: '=': 'const LONG'에서 'float'(으)로 변환하면서 데이터가 손실될 수 있습니다.
E:\GItHub\PortFolio\C++\WinAPIFrameWork\WinAPIFrameWork\Include\Types.h(49,9): warning C4244: '=': 'const LONG'에서 'float'(으)로 변환하면서 데이터가 손실될 수 있습니다.
E:\GItHub\PortFolio\C++\WinAPIFrameWork\WinAPIFrameWork\Include\Types.h(60,9): warning C4244: '=': 'const LONG'에서 'float'(으)로 변환하면서 데이터가 손실될 수 있습니다.
E:\GItHub\PortFolio\C++\WinAPIFrameWork\WinAPIFrameWork\Include\Types.h(61,9): warning C4244: '=': 'const LONG'에서 'float'(으)로 변환하면서 데이터가 손실될 수 있습니다.
E:\GItHub\PortFolio\C++\WinAPIFrameWork\WinAPIFrameWork\Include\Scene\Layer.h(79,1): error C2027: 정의되지 않은 형식 'CObj'을(를) 사용했습니다.
E:\GItHub\PortFolio\C++\WinAPIFrameWork\WinAPIFrameWork\Include\Scene\Layer.h(18): message : 'CObj' 선언을 참조하십시오.
E:\GItHub\PortFolio\C++\WinAPIFrameWork\WinAPIFrameWork\Include\Scene\Layer.h(80,1): error C2027: 정의되지 않은 형식 'CObj'을(를) 사용했습니다.
E:\GItHub\PortFolio\C++\WinAPIFrameWork\WinAPIFrameWork\Include\Scene\Layer.h(18): message : 'CObj' 선언을 참조하십시오.
E:\GItHub\PortFolio\C++\WinAPIFrameWork\WinAPIFrameWork\Include\Scene\Layer.h(81,1): error C2027: 정의되지 않은 형식 'CObj'을(를) 사용했습니다.
E:\GItHub\PortFolio\C++\WinAPIFrameWork\WinAPIFrameWork\Include\Scene\Layer.h(18): message : 'CObj' 선언을 참조하십시오.
E:\GItHub\PortFolio\C++\WinAPIFrameWork\WinAPIFrameWork\Include\Object\Stage.cpp(63,21): warning C4244: '인수': 'float'에서 'int'(으)로 변환하면서 데이터가 손실될 수 있습니다.
E:\GItHub\PortFolio\C++\WinAPIFrameWork\WinAPIFrameWork\Include\Object\Stage.cpp(63,11): warning C4244: '인수': 'float'에서 'int'(으)로 변환하면서 데이터가 손실될 수 있습니다.
E:\GItHub\PortFolio\C++\WinAPIFrameWork\WinAPIFrameWork\Include\Object\Stage.cpp(61,27): warning C4244: '인수': 'float'에서 'int'(으)로 변환하면서 데이터가 손실될 수 있습니다.
E:\GItHub\PortFolio\C++\WinAPIFrameWork\WinAPIFrameWork\Include\Object\Stage.cpp(61,19): warning C4244: '인수': 'float'에서 'int'(으)로 변환하면서 데이터가 손실될 수 있습니다.
  StaticObj.cpp
E:\GItHub\PortFolio\C++\WinAPIFrameWork\WinAPIFrameWork\Include\Types.h(48,9): warning C4244: '=': 'const LONG'에서 'float'(으)로 변환하면서 데이터가 손실될 수 있습니다.
E:\GItHub\PortFolio\C++\WinAPIFrameWork\WinAPIFrameWork\Include\Types.h(49,9): warning C4244: '=': 'const LONG'에서 'float'(으)로 변환하면서 데이터가 손실될 수 있습니다.
E:\GItHub\PortFolio\C++\WinAPIFrameWork\WinAPIFrameWork\Include\Types.h(60,9): warning C4244: '=': 'const LONG'에서 'float'(으)로 변환하면서 데이터가 손실될 수 있습니다.
E:\GItHub\PortFolio\C++\WinAPIFrameWork\WinAPIFrameWork\Include\Types.h(61,9): warning C4244: '=': 'const LONG'에서 'float'(으)로 변환하면서 데이터가 손실될 수 있습니다.
E:\GItHub\PortFolio\C++\WinAPIFrameWork\WinAPIFrameWork\Include\Scene\Layer.h(79,1): error C2027: 정의되지 않은 형식 'CObj'을(를) 사용했습니다.
E:\GItHub\PortFolio\C++\WinAPIFrameWork\WinAPIFrameWork\Include\Scene\Layer.h(18): message : 'CObj' 선언을 참조하십시오.
E:\GItHub\PortFolio\C++\WinAPIFrameWork\WinAPIFrameWork\Include\Scene\Layer.h(80,1): error C2027: 정의되지 않은 형식 'CObj'을(를) 사용했습니다.
E:\GItHub\PortFolio\C++\WinAPIFrameWork\WinAPIFrameWork\Include\Scene\Layer.h(18): message : 'CObj' 선언을 참조하십시오.
E:\GItHub\PortFolio\C++\WinAPIFrameWork\WinAPIFrameWork\Include\Scene\Layer.h(81,1): error C2027: 정의되지 않은 형식 'CObj'을(를) 사용했습니다.
E:\GItHub\PortFolio\C++\WinAPIFrameWork\WinAPIFrameWork\Include\Scene\Layer.h(18): message : 'CObj' 선언을 참조하십시오.
  Obj.cpp
E:\GItHub\PortFolio\C++\WinAPIFrameWork\WinAPIFrameWork\Include\Types.h(48,9): warning C4244: '=': 'const LONG'에서 'float'(으)로 변환하면서 데이터가 손실될 수 있습니다.
E:\GItHub\PortFolio\C++\WinAPIFrameWork\WinAPIFrameWork\Include\Types.h(49,9): warning C4244: '=': 'const LONG'에서 'float'(으)로 변환하면서 데이터가 손실될 수 있습니다.
E:\GItHub\PortFolio\C++\WinAPIFrameWork\WinAPIFrameWork\Include\Types.h(60,9): warning C4244: '=': 'const LONG'에서 'float'(으)로 변환하면서 데이터가 손실될 수 있습니다.
E:\GItHub\PortFolio\C++\WinAPIFrameWork\WinAPIFrameWork\Include\Types.h(61,9): warning C4244: '=': 'const LONG'에서 'float'(으)로 변환하면서 데이터가 손실될 수 있습니다.
E:\GItHub\PortFolio\C++\WinAPIFrameWork\WinAPIFrameWork\Include\Scene\Layer.h(79,1): error C2027: 정의되지 않은 형식 'CObj'을(를) 사용했습니다.
E:\GItHub\PortFolio\C++\WinAPIFrameWork\WinAPIFrameWork\Include\Scene\Layer.h(18): message : 'CObj' 선언을 참조하십시오.
E:\GItHub\PortFolio\C++\WinAPIFrameWork\WinAPIFrameWork\Include\Scene\Layer.h(80,1): error C2027: 정의되지 않은 형식 'CObj'을(를) 사용했습니다.
E:\GItHub\PortFolio\C++\WinAPIFrameWork\WinAPIFrameWork\Include\Scene\Layer.h(18): message : 'CObj' 선언을 참조하십시오.
E:\GItHub\PortFolio\C++\WinAPIFrameWork\WinAPIFrameWork\Include\Scene\Layer.h(81,1): error C2027: 정의되지 않은 형식 'CObj'을(를) 사용했습니다.
E:\GItHub\PortFolio\C++\WinAPIFrameWork\WinAPIFrameWork\Include\Scene\Layer.h(18): message : 'CObj' 선언을 참조하십시오.
E:\GItHub\PortFolio\C++\WinAPIFrameWork\WinAPIFrameWork\Include\Object\Obj.cpp(289,23): warning C4244: '인수': 'float'에서 'int'(으)로 변환하면서 데이터가 손실될 수 있습니다.
E:\GItHub\PortFolio\C++\WinAPIFrameWork\WinAPIFrameWork\Include\Object\Obj.cpp(289,12): warning C4244: '인수': 'float'에서 'int'(으)로 변환하면서 데이터가 손실될 수 있습니다.
E:\GItHub\PortFolio\C++\WinAPIFrameWork\WinAPIFrameWork\Include\Object\Obj.cpp(288,46): warning C4244: '인수': 'float'에서 'int'(으)로 변환하면서 데이터가 손실될 수 있습니다.
E:\GItHub\PortFolio\C++\WinAPIFrameWork\WinAPIFrameWork\Include\Object\Obj.cpp(288,34): warning C4244: '인수': 'float'에서 'int'(으)로 변환하면서 데이터가 손실될 수 있습니다.
E:\GItHub\PortFolio\C++\WinAPIFrameWork\WinAPIFrameWork\Include\Object\Obj.cpp(287,58): warning C4244: '인수': 'float'에서 'int'(으)로 변환하면서 데이터가 손실될 수 있습니다.
E:\GItHub\PortFolio\C++\WinAPIFrameWork\WinAPIFrameWork\Include\Object\Obj.cpp(287,47): warning C4244: '인수': 'float'에서 'int'(으)로 변환하면서 데이터가 손실될 수 있습니다.
E:\GItHub\PortFolio\C++\WinAPIFrameWork\WinAPIFrameWork\Include\Object\Obj.cpp(287,36): warning C4244: '인수': 'float'에서 'int'(으)로 변환하면서 데이터가 손실될 수 있습니다.
E:\GItHub\PortFolio\C++\WinAPIFrameWork\WinAPIFrameWork\Include\Object\Obj.cpp(287,28): warning C4244: '인수': 'float'에서 'int'(으)로 변환하면서 데이터가 손실될 수 있습니다.
E:\GItHub\PortFolio\C++\WinAPIFrameWork\WinAPIFrameWork\Include\Object\Obj.cpp(295,47): warning C4244: '인수': 'float'에서 'int'(으)로 변환하면서 데이터가 손실될 수 있습니다.
E:\GItHub\PortFolio\C++\WinAPIFrameWork\WinAPIFrameWork\Include\Object\Obj.cpp(295,34): warning C4244: '인수': 'float'에서 'int'(으)로 변환하면서 데이터가 손실될 수 있습니다.
E:\GItHub\PortFolio\C++\WinAPIFrameWork\WinAPIFrameWork\Include\Object\Obj.cpp(294,50): warning C4244: '인수': 'float'에서 'int'(으)로 변환하면서 데이터가 손실될 수 있습니다.
E:\GItHub\PortFolio\C++\WinAPIFrameWork\WinAPIFrameWork\Include\Object\Obj.cpp(294,39): warning C4244: '인수': 'float'에서 'int'(으)로 변환하면서 데이터가 손실될 수 있습니다.
E:\GItHub\PortFolio\C++\WinAPIFrameWork\WinAPIFrameWork\Include\Object\Obj.cpp(294,28): warning C4244: '인수': 'float'에서 'int'(으)로 변환하면서 데이터가 손실될 수 있습니다.
E:\GItHub\PortFolio\C++\WinAPIFrameWork\WinAPIFrameWork\Include\Object\Obj.cpp(294,20): warning C4244: '인수': 'float'에서 'int'(으)로 변환하면서 데이터가 손실될 수 있습니다.
  ResourcesManager.cpp
E:\GItHub\PortFolio\C++\WinAPIFrameWork\WinAPIFrameWork\Include\Types.h(48,9): warning C4244: '=': 'const LONG'에서 'float'(으)로 변환하면서 데이터가 손실될 수 있습니다.
E:\GItHub\PortFolio\C++\WinAPIFrameWork\WinAPIFrameWork\Include\Types.h(49,9): warning C4244: '=': 'const LONG'에서 'float'(으)로 변환하면서 데이터가 손실될 수 있습니다.
E:\GItHub\PortFolio\C++\WinAPIFrameWork\WinAPIFrameWork\Include\Types.h(60,9): warning C4244: '=': 'const LONG'에서 'float'(으)로 변환하면서 데이터가 손실될 수 있습니다.
E:\GItHub\PortFolio\C++\WinAPIFrameWork\WinAPIFrameWork\Include\Types.h(61,9): warning C4244: '=': 'const LONG'에서 'float'(으)로 변환하면서 데이터가 손실될 수 있습니다.
  Texture.cpp
E:\GItHub\PortFolio\C++\WinAPIFrameWork\WinAPIFrameWork\Include\Types.h(48,9): warning C4244: '=': 'const LONG'에서 'float'(으)로 변환하면서 데이터가 손실될 수 있습니다.
E:\GItHub\PortFolio\C++\WinAPIFrameWork\WinAPIFrameWork\Include\Types.h(49,9): warning C4244: '=': 'const LONG'에서 'float'(으)로 변환하면서 데이터가 손실될 수 있습니다.
E:\GItHub\PortFolio\C++\WinAPIFrameWork\WinAPIFrameWork\Include\Types.h(60,9): warning C4244: '=': 'const LONG'에서 'float'(으)로 변환하면서 데이터가 손실될 수 있습니다.
E:\GItHub\PortFolio\C++\WinAPIFrameWork\WinAPIFrameWork\Include\Types.h(61,9): warning C4244: '=': 'const LONG'에서 'float'(으)로 변환하면서 데이터가 손실될 수 있습니다.
  코드를 생성하고 있습니다...
  컴파일하고 있습니다...
  InGameScene.cpp
E:\GItHub\PortFolio\C++\WinAPIFrameWork\WinAPIFrameWork\Include\Types.h(48,9): warning C4244: '=': 'const LONG'에서 'float'(으)로 변환하면서 데이터가 손실될 수 있습니다.
E:\GItHub\PortFolio\C++\WinAPIFrameWork\WinAPIFrameWork\Include\Types.h(49,9): warning C4244: '=': 'const LONG'에서 'float'(으)로 변환하면서 데이터가 손실될 수 있습니다.
E:\GItHub\PortFolio\C++\WinAPIFrameWork\WinAPIFrameWork\Include\Types.h(60,9): warning C4244: '=': 'const LONG'에서 'float'(으)로 변환하면서 데이터가 손실될 수 있습니다.
E:\GItHub\PortFolio\C++\WinAPIFrameWork\WinAPIFrameWork\Include\Types.h(61,9): warning C4244: '=': 'const LONG'에서 'float'(으)로 변환하면서 데이터가 손실될 수 있습니다.
E:\GItHub\PortFolio\C++\WinAPIFrameWork\WinAPIFrameWork\Include\Scene\Layer.h(79,1): error C2027: 정의되지 않은 형식 'CObj'을(를) 사용했습니다.
E:\GItHub\PortFolio\C++\WinAPIFrameWork\WinAPIFrameWork\Include\Scene\Scene.h(16): message : 'CObj' 선언을 참조하십시오.
E:\GItHub\PortFolio\C++\WinAPIFrameWork\WinAPIFrameWork\Include\Scene\Layer.h(80,1): error C2027: 정의되지 않은 형식 'CObj'을(를) 사용했습니다.
E:\GItHub\PortFolio\C++\WinAPIFrameWork\WinAPIFrameWork\Include\Scene\Scene.h(16): message : 'CObj' 선언을 참조하십시오.
E:\GItHub\PortFolio\C++\WinAPIFrameWork\WinAPIFrameWork\Include\Scene\Layer.h(81,1): error C2027: 정의되지 않은 형식 'CObj'을(를) 사용했습니다.
E:\GItHub\PortFolio\C++\WinAPIFrameWork\WinAPIFrameWork\Include\Scene\Scene.h(16): message : 'CObj' 선언을 참조하십시오.
  Layer.cpp
E:\GItHub\PortFolio\C++\WinAPIFrameWork\WinAPIFrameWork\Include\Types.h(48,9): warning C4244: '=': 'const LONG'에서 'float'(으)로 변환하면서 데이터가 손실될 수 있습니다.
E:\GItHub\PortFolio\C++\WinAPIFrameWork\WinAPIFrameWork\Include\Types.h(49,9): warning C4244: '=': 'const LONG'에서 'float'(으)로 변환하면서 데이터가 손실될 수 있습니다.
E:\GItHub\PortFolio\C++\WinAPIFrameWork\WinAPIFrameWork\Include\Types.h(60,9): warning C4244: '=': 'const LONG'에서 'float'(으)로 변환하면서 데이터가 손실될 수 있습니다.
E:\GItHub\PortFolio\C++\WinAPIFrameWork\WinAPIFrameWork\Include\Types.h(61,9): warning C4244: '=': 'const LONG'에서 'float'(으)로 변환하면서 데이터가 손실될 수 있습니다.
E:\GItHub\PortFolio\C++\WinAPIFrameWork\WinAPIFrameWork\Include\Object\Obj.h(262,12): error C2027: 정의되지 않은 형식 'CLayer'을(를) 사용했습니다.
E:\GItHub\PortFolio\C++\WinAPIFrameWork\WinAPIFrameWork\Include\Scene\Scene.h(24): message : 'CLayer' 선언을 참조하십시오.
E:\GItHub\PortFolio\C++\WinAPIFrameWork\WinAPIFrameWork\Include\Object\Obj.h(249,12): message : 이 진단은 컴파일러 생성 함수 'T *CObj::CreateObj(const std::string &,CLayer *)'에서 수행되었습니다.
  Scene.cpp
E:\GItHub\PortFolio\C++\WinAPIFrameWork\WinAPIFrameWork\Include\Types.h(48,9): warning C4244: '=': 'const LONG'에서 'float'(으)로 변환하면서 데이터가 손실될 수 있습니다.
E:\GItHub\PortFolio\C++\WinAPIFrameWork\WinAPIFrameWork\Include\Types.h(49,9): warning C4244: '=': 'const LONG'에서 'float'(으)로 변환하면서 데이터가 손실될 수 있습니다.
E:\GItHub\PortFolio\C++\WinAPIFrameWork\WinAPIFrameWork\Include\Types.h(60,9): warning C4244: '=': 'const LONG'에서 'float'(으)로 변환하면서 데이터가 손실될 수 있습니다.
E:\GItHub\PortFolio\C++\WinAPIFrameWork\WinAPIFrameWork\Include\Types.h(61,9): warning C4244: '=': 'const LONG'에서 'float'(으)로 변환하면서 데이터가 손실될 수 있습니다.
E:\GItHub\PortFolio\C++\WinAPIFrameWork\WinAPIFrameWork\Include\Object\Obj.h(262,12): error C2027: 정의되지 않은 형식 'CLayer'을(를) 사용했습니다.
E:\GItHub\PortFolio\C++\WinAPIFrameWork\WinAPIFrameWork\Include\Scene\Scene.h(24): message : 'CLayer' 선언을 참조하십시오.
E:\GItHub\PortFolio\C++\WinAPIFrameWork\WinAPIFrameWork\Include\Object\Obj.h(249,12): message : 이 진단은 컴파일러 생성 함수 'T *CObj::CreateObj(const std::string &,CLayer *)'에서 수행되었습니다.
  SceneManager.cpp
E:\GItHub\PortFolio\C++\WinAPIFrameWork\WinAPIFrameWork\Include\Types.h(48,9): warning C4244: '=': 'const LONG'에서 'float'(으)로 변환하면서 데이터가 손실될 수 있습니다.
E:\GItHub\PortFolio\C++\WinAPIFrameWork\WinAPIFrameWork\Include\Types.h(49,9): warning C4244: '=': 'const LONG'에서 'float'(으)로 변환하면서 데이터가 손실될 수 있습니다.
E:\GItHub\PortFolio\C++\WinAPIFrameWork\WinAPIFrameWork\Include\Types.h(60,9): warning C4244: '=': 'const LONG'에서 'float'(으)로 변환하면서 데이터가 손실될 수 있습니다.
E:\GItHub\PortFolio\C++\WinAPIFrameWork\WinAPIFrameWork\Include\Types.h(61,9): warning C4244: '=': 'const LONG'에서 'float'(으)로 변환하면서 데이터가 손실될 수 있습니다.
  코드를 생성하고 있습니다...
E:\GItHub\PortFolio\C++\WinAPIFrameWork\WinAPIFrameWork\Include\Scene\SceneManager.h(54): warning C4715: 'CSceneManager::CreateScene<CInGameScene>': 모든 제어 경로에서 값을 반환하지는 않습니다.
