f:\winapiframework\winapiframework\include\debug\vc140.pdb
f:\winapiframework\winapiframework\include\debug\vc140.idb
f:\winapiframework\winapiframework\include\debug\core.obj
f:\winapiframework\winapiframework\include\debug\camera.obj
f:\winapiframework\winapiframework\include\debug\input.obj
f:\winapiframework\winapiframework\include\debug\pathmanager.obj
f:\winapiframework\winapiframework\include\debug\timer.obj
f:\winapiframework\winapiframework\include\debug\ref.obj
f:\winapiframework\winapiframework\include\debug\main.obj
f:\winapiframework\winapiframework\include\debug\bullet.obj
f:\winapiframework\winapiframework\include\debug\goblin.obj
f:\winapiframework\winapiframework\include\debug\moveobj.obj
f:\winapiframework\winapiframework\include\debug\player.obj
f:\winapiframework\winapiframework\include\debug\stage.obj
f:\winapiframework\winapiframework\include\debug\staticobj.obj
f:\winapiframework\winapiframework\include\debug\obj.obj
f:\winapiframework\winapiframework\include\debug\resourcesmanager.obj
f:\winapiframework\winapiframework\include\debug\texture.obj
f:\winapiframework\winapiframework\include\debug\ingamescene.obj
f:\winapiframework\winapiframework\include\debug\layer.obj
f:\winapiframework\winapiframework\include\debug\scene.obj
f:\winapiframework\winapiframework\include\debug\scenemanager.obj
f:\winapiframework\winapiframework\include\debug\collider.obj
f:\winapiframework\winapiframework\include\debug\collidermanager.obj
f:\winapiframework\winapiframework\include\debug\colliderrect.obj
f:\winapiframework\winapiframework\include\debug\animation.obj
f:\winapiframework\winapiframework\bin\winapiframework_debug.ilk
f:\winapiframework\winapiframework\bin\winapiframework_debug.exe
f:\winapiframework\winapiframework\bin\winapiframework_debug.pdb
f:\winapiframework\winapiframework\include\debug\winapiframework.res
f:\winapiframework\winapiframework\include\..\bin\winapiframework_debug.exe
f:\winapiframework\winapiframework\include\debug\winapiframework.tlog\cl.command.1.tlog
f:\winapiframework\winapiframework\include\debug\winapiframework.tlog\cl.read.1.tlog
f:\winapiframework\winapiframework\include\debug\winapiframework.tlog\cl.write.1.tlog
f:\winapiframework\winapiframework\include\debug\winapiframework.tlog\link.command.1.tlog
f:\winapiframework\winapiframework\include\debug\winapiframework.tlog\link.read.1.tlog
f:\winapiframework\winapiframework\include\debug\winapiframework.tlog\link.write.1.tlog
f:\winapiframework\winapiframework\include\debug\winapiframework.tlog\rc.command.1.tlog
f:\winapiframework\winapiframework\include\debug\winapiframework.tlog\rc.read.1.tlog
f:\winapiframework\winapiframework\include\debug\winapiframework.tlog\rc.write.1.tlog
