C:\Program Files (x86)\MSBuild\Microsoft.Cpp\v4.0\V140\Microsoft.CppBuild.targets(368,5): warning MSB8004: Output Directory does not end with a trailing slash.  This build instance will add the slash as it is required to allow proper evaluation of the Output Directory.
  SceneManager.cpp
f:\winapiframework\winapiframework\include\types.h(35): warning C4244: '=': 'const LONG'에서 'float'(으)로 변환하면서 데이터가 손실될 수 있습니다.
f:\winapiframework\winapiframework\include\types.h(36): warning C4244: '=': 'const LONG'에서 'float'(으)로 변환하면서 데이터가 손실될 수 있습니다.
f:\winapiframework\winapiframework\include\types.h(47): warning C4244: '=': 'const LONG'에서 'float'(으)로 변환하면서 데이터가 손실될 수 있습니다.
f:\winapiframework\winapiframework\include\types.h(48): warning C4244: '=': 'const LONG'에서 'float'(으)로 변환하면서 데이터가 손실될 수 있습니다.
  Scene.cpp
f:\winapiframework\winapiframework\include\types.h(35): warning C4244: '=': 'const LONG'에서 'float'(으)로 변환하면서 데이터가 손실될 수 있습니다.
f:\winapiframework\winapiframework\include\types.h(36): warning C4244: '=': 'const LONG'에서 'float'(으)로 변환하면서 데이터가 손실될 수 있습니다.
f:\winapiframework\winapiframework\include\types.h(47): warning C4244: '=': 'const LONG'에서 'float'(으)로 변환하면서 데이터가 손실될 수 있습니다.
f:\winapiframework\winapiframework\include\types.h(48): warning C4244: '=': 'const LONG'에서 'float'(으)로 변환하면서 데이터가 손실될 수 있습니다.
  Layer.cpp
f:\winapiframework\winapiframework\include\types.h(35): warning C4244: '=': 'const LONG'에서 'float'(으)로 변환하면서 데이터가 손실될 수 있습니다.
f:\winapiframework\winapiframework\include\types.h(36): warning C4244: '=': 'const LONG'에서 'float'(으)로 변환하면서 데이터가 손실될 수 있습니다.
f:\winapiframework\winapiframework\include\types.h(47): warning C4244: '=': 'const LONG'에서 'float'(으)로 변환하면서 데이터가 손실될 수 있습니다.
f:\winapiframework\winapiframework\include\types.h(48): warning C4244: '=': 'const LONG'에서 'float'(으)로 변환하면서 데이터가 손실될 수 있습니다.
  InGameScene.cpp
f:\winapiframework\winapiframework\include\types.h(35): warning C4244: '=': 'const LONG'에서 'float'(으)로 변환하면서 데이터가 손실될 수 있습니다.
f:\winapiframework\winapiframework\include\types.h(36): warning C4244: '=': 'const LONG'에서 'float'(으)로 변환하면서 데이터가 손실될 수 있습니다.
f:\winapiframework\winapiframework\include\types.h(47): warning C4244: '=': 'const LONG'에서 'float'(으)로 변환하면서 데이터가 손실될 수 있습니다.
f:\winapiframework\winapiframework\include\types.h(48): warning C4244: '=': 'const LONG'에서 'float'(으)로 변환하면서 데이터가 손실될 수 있습니다.
  Texture.cpp
f:\winapiframework\winapiframework\include\types.h(35): warning C4244: '=': 'const LONG'에서 'float'(으)로 변환하면서 데이터가 손실될 수 있습니다.
f:\winapiframework\winapiframework\include\types.h(36): warning C4244: '=': 'const LONG'에서 'float'(으)로 변환하면서 데이터가 손실될 수 있습니다.
f:\winapiframework\winapiframework\include\types.h(47): warning C4244: '=': 'const LONG'에서 'float'(으)로 변환하면서 데이터가 손실될 수 있습니다.
f:\winapiframework\winapiframework\include\types.h(48): warning C4244: '=': 'const LONG'에서 'float'(으)로 변환하면서 데이터가 손실될 수 있습니다.
  ResourcesManager.cpp
f:\winapiframework\winapiframework\include\types.h(35): warning C4244: '=': 'const LONG'에서 'float'(으)로 변환하면서 데이터가 손실될 수 있습니다.
f:\winapiframework\winapiframework\include\types.h(36): warning C4244: '=': 'const LONG'에서 'float'(으)로 변환하면서 데이터가 손실될 수 있습니다.
f:\winapiframework\winapiframework\include\types.h(47): warning C4244: '=': 'const LONG'에서 'float'(으)로 변환하면서 데이터가 손실될 수 있습니다.
f:\winapiframework\winapiframework\include\types.h(48): warning C4244: '=': 'const LONG'에서 'float'(으)로 변환하면서 데이터가 손실될 수 있습니다.
  Obj.cpp
f:\winapiframework\winapiframework\include\types.h(35): warning C4244: '=': 'const LONG'에서 'float'(으)로 변환하면서 데이터가 손실될 수 있습니다.
f:\winapiframework\winapiframework\include\types.h(36): warning C4244: '=': 'const LONG'에서 'float'(으)로 변환하면서 데이터가 손실될 수 있습니다.
f:\winapiframework\winapiframework\include\types.h(47): warning C4244: '=': 'const LONG'에서 'float'(으)로 변환하면서 데이터가 손실될 수 있습니다.
f:\winapiframework\winapiframework\include\types.h(48): warning C4244: '=': 'const LONG'에서 'float'(으)로 변환하면서 데이터가 손실될 수 있습니다.
f:\winapiframework\winapiframework\include\object\obj.cpp(207): warning C4244: '인수': 'float'에서 'int'(으)로 변환하면서 데이터가 손실될 수 있습니다.
  StaticObj.cpp
f:\winapiframework\winapiframework\include\types.h(35): warning C4244: '=': 'const LONG'에서 'float'(으)로 변환하면서 데이터가 손실될 수 있습니다.
f:\winapiframework\winapiframework\include\types.h(36): warning C4244: '=': 'const LONG'에서 'float'(으)로 변환하면서 데이터가 손실될 수 있습니다.
f:\winapiframework\winapiframework\include\types.h(47): warning C4244: '=': 'const LONG'에서 'float'(으)로 변환하면서 데이터가 손실될 수 있습니다.
f:\winapiframework\winapiframework\include\types.h(48): warning C4244: '=': 'const LONG'에서 'float'(으)로 변환하면서 데이터가 손실될 수 있습니다.
  Stage.cpp
f:\winapiframework\winapiframework\include\types.h(35): warning C4244: '=': 'const LONG'에서 'float'(으)로 변환하면서 데이터가 손실될 수 있습니다.
f:\winapiframework\winapiframework\include\types.h(36): warning C4244: '=': 'const LONG'에서 'float'(으)로 변환하면서 데이터가 손실될 수 있습니다.
f:\winapiframework\winapiframework\include\types.h(47): warning C4244: '=': 'const LONG'에서 'float'(으)로 변환하면서 데이터가 손실될 수 있습니다.
f:\winapiframework\winapiframework\include\types.h(48): warning C4244: '=': 'const LONG'에서 'float'(으)로 변환하면서 데이터가 손실될 수 있습니다.
f:\winapiframework\winapiframework\include\object\stage.cpp(61): warning C4244: '인수': 'float'에서 'int'(으)로 변환하면서 데이터가 손실될 수 있습니다.
  Player.cpp
f:\winapiframework\winapiframework\include\types.h(35): warning C4244: '=': 'const LONG'에서 'float'(으)로 변환하면서 데이터가 손실될 수 있습니다.
f:\winapiframework\winapiframework\include\types.h(36): warning C4244: '=': 'const LONG'에서 'float'(으)로 변환하면서 데이터가 손실될 수 있습니다.
f:\winapiframework\winapiframework\include\types.h(47): warning C4244: '=': 'const LONG'에서 'float'(으)로 변환하면서 데이터가 손실될 수 있습니다.
f:\winapiframework\winapiframework\include\types.h(48): warning C4244: '=': 'const LONG'에서 'float'(으)로 변환하면서 데이터가 손실될 수 있습니다.
  MoveObj.cpp
f:\winapiframework\winapiframework\include\types.h(35): warning C4244: '=': 'const LONG'에서 'float'(으)로 변환하면서 데이터가 손실될 수 있습니다.
f:\winapiframework\winapiframework\include\types.h(36): warning C4244: '=': 'const LONG'에서 'float'(으)로 변환하면서 데이터가 손실될 수 있습니다.
f:\winapiframework\winapiframework\include\types.h(47): warning C4244: '=': 'const LONG'에서 'float'(으)로 변환하면서 데이터가 손실될 수 있습니다.
f:\winapiframework\winapiframework\include\types.h(48): warning C4244: '=': 'const LONG'에서 'float'(으)로 변환하면서 데이터가 손실될 수 있습니다.
  Goblin.cpp
f:\winapiframework\winapiframework\include\types.h(35): warning C4244: '=': 'const LONG'에서 'float'(으)로 변환하면서 데이터가 손실될 수 있습니다.
f:\winapiframework\winapiframework\include\types.h(36): warning C4244: '=': 'const LONG'에서 'float'(으)로 변환하면서 데이터가 손실될 수 있습니다.
f:\winapiframework\winapiframework\include\types.h(47): warning C4244: '=': 'const LONG'에서 'float'(으)로 변환하면서 데이터가 손실될 수 있습니다.
f:\winapiframework\winapiframework\include\types.h(48): warning C4244: '=': 'const LONG'에서 'float'(으)로 변환하면서 데이터가 손실될 수 있습니다.
f:\winapiframework\winapiframework\include\object\goblin.cpp(90): warning C4244: '인수': 'float'에서 'int'(으)로 변환하면서 데이터가 손실될 수 있습니다.
  Bullet.cpp
f:\winapiframework\winapiframework\include\types.h(35): warning C4244: '=': 'const LONG'에서 'float'(으)로 변환하면서 데이터가 손실될 수 있습니다.
f:\winapiframework\winapiframework\include\types.h(36): warning C4244: '=': 'const LONG'에서 'float'(으)로 변환하면서 데이터가 손실될 수 있습니다.
f:\winapiframework\winapiframework\include\types.h(47): warning C4244: '=': 'const LONG'에서 'float'(으)로 변환하면서 데이터가 손실될 수 있습니다.
f:\winapiframework\winapiframework\include\types.h(48): warning C4244: '=': 'const LONG'에서 'float'(으)로 변환하면서 데이터가 손실될 수 있습니다.
f:\winapiframework\winapiframework\include\object\bullet.cpp(67): warning C4244: '인수': 'float'에서 'int'(으)로 변환하면서 데이터가 손실될 수 있습니다.
  main.cpp
f:\winapiframework\winapiframework\include\types.h(35): warning C4244: '=': 'const LONG'에서 'float'(으)로 변환하면서 데이터가 손실될 수 있습니다.
f:\winapiframework\winapiframework\include\types.h(36): warning C4244: '=': 'const LONG'에서 'float'(으)로 변환하면서 데이터가 손실될 수 있습니다.
f:\winapiframework\winapiframework\include\types.h(47): warning C4244: '=': 'const LONG'에서 'float'(으)로 변환하면서 데이터가 손실될 수 있습니다.
f:\winapiframework\winapiframework\include\types.h(48): warning C4244: '=': 'const LONG'에서 'float'(으)로 변환하면서 데이터가 손실될 수 있습니다.
  Ref.cpp
f:\winapiframework\winapiframework\include\types.h(35): warning C4244: '=': 'const LONG'에서 'float'(으)로 변환하면서 데이터가 손실될 수 있습니다.
f:\winapiframework\winapiframework\include\types.h(36): warning C4244: '=': 'const LONG'에서 'float'(으)로 변환하면서 데이터가 손실될 수 있습니다.
f:\winapiframework\winapiframework\include\types.h(47): warning C4244: '=': 'const LONG'에서 'float'(으)로 변환하면서 데이터가 손실될 수 있습니다.
f:\winapiframework\winapiframework\include\types.h(48): warning C4244: '=': 'const LONG'에서 'float'(으)로 변환하면서 데이터가 손실될 수 있습니다.
  Timer.cpp
f:\winapiframework\winapiframework\include\types.h(35): warning C4244: '=': 'const LONG'에서 'float'(으)로 변환하면서 데이터가 손실될 수 있습니다.
f:\winapiframework\winapiframework\include\types.h(36): warning C4244: '=': 'const LONG'에서 'float'(으)로 변환하면서 데이터가 손실될 수 있습니다.
f:\winapiframework\winapiframework\include\types.h(47): warning C4244: '=': 'const LONG'에서 'float'(으)로 변환하면서 데이터가 손실될 수 있습니다.
f:\winapiframework\winapiframework\include\types.h(48): warning C4244: '=': 'const LONG'에서 'float'(으)로 변환하면서 데이터가 손실될 수 있습니다.
  PathManager.cpp
f:\winapiframework\winapiframework\include\types.h(35): warning C4244: '=': 'const LONG'에서 'float'(으)로 변환하면서 데이터가 손실될 수 있습니다.
f:\winapiframework\winapiframework\include\types.h(36): warning C4244: '=': 'const LONG'에서 'float'(으)로 변환하면서 데이터가 손실될 수 있습니다.
f:\winapiframework\winapiframework\include\types.h(47): warning C4244: '=': 'const LONG'에서 'float'(으)로 변환하면서 데이터가 손실될 수 있습니다.
f:\winapiframework\winapiframework\include\types.h(48): warning C4244: '=': 'const LONG'에서 'float'(으)로 변환하면서 데이터가 손실될 수 있습니다.
  Input.cpp
f:\winapiframework\winapiframework\include\types.h(35): warning C4244: '=': 'const LONG'에서 'float'(으)로 변환하면서 데이터가 손실될 수 있습니다.
f:\winapiframework\winapiframework\include\types.h(36): warning C4244: '=': 'const LONG'에서 'float'(으)로 변환하면서 데이터가 손실될 수 있습니다.
f:\winapiframework\winapiframework\include\types.h(47): warning C4244: '=': 'const LONG'에서 'float'(으)로 변환하면서 데이터가 손실될 수 있습니다.
f:\winapiframework\winapiframework\include\types.h(48): warning C4244: '=': 'const LONG'에서 'float'(으)로 변환하면서 데이터가 손실될 수 있습니다.
f:\winapiframework\winapiframework\include\core\input.h(70): warning C4311: '형식 캐스팅': 'const char *'에서 'DWORD'(으)로 포인터가 잘립니다.
  f:\winapiframework\winapiframework\include\core\input.cpp(21): note: 컴파일 중인 함수 템플릿 인스턴스화 'bool CInput::AddKey<char[9],char>(const T (&),const char &)'에 대한 참조를 확인하십시오.
          with
          [
              T=char [9]
          ]
f:\winapiframework\winapiframework\include\core\input.h(70): warning C4302: '형식 캐스팅': 'const char *'에서 'DWORD'(으)로 잘립니다.
f:\winapiframework\winapiframework\include\core\input.h(43): warning C4311: '형식 캐스팅': 'const char *'에서 'DWORD'(으)로 포인터가 잘립니다.
  f:\winapiframework\winapiframework\include\core\input.h(79): note: 컴파일 중인 함수 템플릿 인스턴스화 'bool CInput::AddKey<char[10]>(const T (&))'에 대한 참조를 확인하십시오.
          with
          [
              T=char [10]
          ]
  f:\winapiframework\winapiframework\include\core\input.cpp(19): note: 컴파일 중인 함수 템플릿 인스턴스화 'bool CInput::AddKey<char,char[10]>(const T &,const char (&)[10])'에 대한 참조를 확인하십시오.
          with
          [
              T=char
          ]
f:\winapiframework\winapiframework\include\core\input.h(43): warning C4302: '형식 캐스팅': 'const char *'에서 'DWORD'(으)로 잘립니다.
  Core.cpp
f:\winapiframework\winapiframework\include\types.h(35): warning C4244: '=': 'const LONG'에서 'float'(으)로 변환하면서 데이터가 손실될 수 있습니다.
f:\winapiframework\winapiframework\include\types.h(36): warning C4244: '=': 'const LONG'에서 'float'(으)로 변환하면서 데이터가 손실될 수 있습니다.
f:\winapiframework\winapiframework\include\types.h(47): warning C4244: '=': 'const LONG'에서 'float'(으)로 변환하면서 데이터가 손실될 수 있습니다.
f:\winapiframework\winapiframework\include\types.h(48): warning C4244: '=': 'const LONG'에서 'float'(으)로 변환하면서 데이터가 손실될 수 있습니다.
f:\winapiframework\winapiframework\include\core.cpp(203): warning C4838: 'unsigned int'에서 'LONG'(으)로의 변환에는 축소 변환이 필요합니다.
  ColliderRect.cpp
f:\winapiframework\winapiframework\include\types.h(35): warning C4244: '=': 'const LONG'에서 'float'(으)로 변환하면서 데이터가 손실될 수 있습니다.
f:\winapiframework\winapiframework\include\types.h(36): warning C4244: '=': 'const LONG'에서 'float'(으)로 변환하면서 데이터가 손실될 수 있습니다.
f:\winapiframework\winapiframework\include\types.h(47): warning C4244: '=': 'const LONG'에서 'float'(으)로 변환하면서 데이터가 손실될 수 있습니다.
f:\winapiframework\winapiframework\include\types.h(48): warning C4244: '=': 'const LONG'에서 'float'(으)로 변환하면서 데이터가 손실될 수 있습니다.
  코드를 생성하고 있습니다...
f:\winapiframework\winapiframework\include\scene\scenemanager.h(54): warning C4715: 'CSceneManager::CreateScene<CInGameScene>': 모든 제어 경로에서 값을 반환하지는 않습니다.
  컴파일하고 있습니다...
  ColliderManager.cpp
f:\winapiframework\winapiframework\include\types.h(35): warning C4244: '=': 'const LONG'에서 'float'(으)로 변환하면서 데이터가 손실될 수 있습니다.
f:\winapiframework\winapiframework\include\types.h(36): warning C4244: '=': 'const LONG'에서 'float'(으)로 변환하면서 데이터가 손실될 수 있습니다.
f:\winapiframework\winapiframework\include\types.h(47): warning C4244: '=': 'const LONG'에서 'float'(으)로 변환하면서 데이터가 손실될 수 있습니다.
f:\winapiframework\winapiframework\include\types.h(48): warning C4244: '=': 'const LONG'에서 'float'(으)로 변환하면서 데이터가 손실될 수 있습니다.
  Collider.cpp
f:\winapiframework\winapiframework\include\types.h(35): warning C4244: '=': 'const LONG'에서 'float'(으)로 변환하면서 데이터가 손실될 수 있습니다.
f:\winapiframework\winapiframework\include\types.h(36): warning C4244: '=': 'const LONG'에서 'float'(으)로 변환하면서 데이터가 손실될 수 있습니다.
f:\winapiframework\winapiframework\include\types.h(47): warning C4244: '=': 'const LONG'에서 'float'(으)로 변환하면서 데이터가 손실될 수 있습니다.
f:\winapiframework\winapiframework\include\types.h(48): warning C4244: '=': 'const LONG'에서 'float'(으)로 변환하면서 데이터가 손실될 수 있습니다.
  코드를 생성하고 있습니다...
f:\winapiframework\winapiframework\include\collider\collider.h(84): warning C4715: 'CCollider::CheckCollisionList': 모든 제어 경로에서 값을 반환하지는 않습니다.
  WinAPIFrameWork.vcxproj -> F:\WinAPIFrameWork\WinAPIFrameWork\Include\..\Bin\WinAPIFrameWork_Debug64.exe
  WinAPIFrameWork.vcxproj -> ..\Bin\WinAPIFrameWork_Debug64.pdb (Full PDB)
